2023-12-05T15:53:57.363+07:00  INFO 27168 --- [main] com.example.elk.ElkApplication           : Starting ElkApplication using Java 21.0.1 with PID 27168 (D:\elk\target\classes started by manhnd5 in D:\elk)
2023-12-05T15:53:57.364+07:00  INFO 27168 --- [main] com.example.elk.ElkApplication           : No active profile set, falling back to 1 default profile: "default"
2023-12-05T15:53:58.163+07:00  INFO 27168 --- [main] o.s.b.w.embedded.tomcat.TomcatWebServer  : Tomcat initialized with port 8080 (http)
2023-12-05T15:53:58.172+07:00  INFO 27168 --- [main] o.apache.catalina.core.StandardService   : Starting service [Tomcat]
2023-12-05T15:53:58.172+07:00  INFO 27168 --- [main] o.apache.catalina.core.StandardEngine    : Starting Servlet engine: [Apache Tomcat/10.1.16]
2023-12-05T15:53:58.226+07:00  INFO 27168 --- [main] o.a.c.c.C.[Tomcat].[localhost].[/]       : Initializing Spring embedded WebApplicationContext
2023-12-05T15:53:58.227+07:00  INFO 27168 --- [main] w.s.c.ServletWebServerApplicationContext : Root WebApplicationContext: initialization completed in 822 ms
2023-12-05T15:53:58.497+07:00  INFO 27168 --- [main] o.s.b.w.embedded.tomcat.TomcatWebServer  : Tomcat started on port 8080 (http) with context path ''
2023-12-05T15:53:58.526+07:00  INFO 27168 --- [main] com.example.elk.ElkApplication           : Started ElkApplication in 1.484 seconds (process running for 2.164)
2023-12-05T15:56:46.354+07:00  INFO 24976 --- [main] com.example.elk.ElkApplication           : Starting ElkApplication using Java 21.0.1 with PID 24976 (D:\elk\target\classes started by manhnd5 in D:\elk)
2023-12-05T15:56:46.355+07:00  INFO 24976 --- [main] com.example.elk.ElkApplication           : No active profile set, falling back to 1 default profile: "default"
2023-12-05T15:56:47.013+07:00  INFO 24976 --- [main] o.s.b.w.embedded.tomcat.TomcatWebServer  : Tomcat initialized with port 8080 (http)
2023-12-05T15:56:47.020+07:00  INFO 24976 --- [main] o.apache.catalina.core.StandardService   : Starting service [Tomcat]
2023-12-05T15:56:47.020+07:00  INFO 24976 --- [main] o.apache.catalina.core.StandardEngine    : Starting Servlet engine: [Apache Tomcat/10.1.16]
2023-12-05T15:56:47.062+07:00  INFO 24976 --- [main] o.a.c.c.C.[Tomcat].[localhost].[/]       : Initializing Spring embedded WebApplicationContext
2023-12-05T15:56:47.063+07:00  INFO 24976 --- [main] w.s.c.ServletWebServerApplicationContext : Root WebApplicationContext: initialization completed in 680 ms
2023-12-05T15:56:47.283+07:00  INFO 24976 --- [main] o.s.b.w.embedded.tomcat.TomcatWebServer  : Tomcat started on port 8080 (http) with context path ''
2023-12-05T15:56:47.287+07:00  INFO 24976 --- [main] com.example.elk.ElkApplication           : Started ElkApplication in 1.197 seconds (process running for 1.582)
2023-12-05T15:57:13.004+07:00  INFO 24976 --- [http-nio-8080-exec-2] o.a.c.c.C.[Tomcat].[localhost].[/]       : Initializing Spring DispatcherServlet 'dispatcherServlet'
2023-12-05T15:57:13.004+07:00  INFO 24976 --- [http-nio-8080-exec-2] o.s.web.servlet.DispatcherServlet        : Initializing Servlet 'dispatcherServlet'
2023-12-05T15:57:13.005+07:00  INFO 24976 --- [http-nio-8080-exec-2] o.s.web.servlet.DispatcherServlet        : Completed initialization in 1 ms
2023-12-05T15:57:13.024+07:00  INFO 24976 --- [http-nio-8080-exec-2] com.example.elk.MyController             : Hello World!
